<?xml version="1.0" encoding="utf-8"?><testsuites name="pytest tests"><testsuite name="pytest" errors="0" failures="0" skipped="0" tests="5" time="5.555" timestamp="2026-09-15T20:57:58.328434+00:00" hostname="agent-env-6c0a895c-64bc-4d83-a422-ba3116e17796"><testcase classname="tests.test_new_features.TestSavingsGoals" name="test_goal_crud_and_isolation" time="2.602" /><testcase classname="tests.test_new_features.TestSavingsGoals" name="test_goals_route_not_shadowed" time="0.143" /><testcase classname="tests.test_new_features.TestRecurringExpenses" name="test_lifecycle_and_materialization" time="1.365" /><testcase classname="tests.test_new_features.TestRecurringExpenses" name="test_recurring_route_not_shadowed" time="0.139" /><testcase classname="tests.test_new_features.TestBotsOverview" name="test_compare_and_monthly" time="1.261" /></testsuite></testsuites>