<?xml version="1.0" encoding="utf-8"?><testsuites name="pytest tests"><testsuite name="pytest" errors="0" failures="0" skipped="0" tests="16" time="4.060" timestamp="2026-09-15T20:17:48.169832+00:00" hostname="agent-env-6c0a895c-64bc-4d83-a422-ba3116e17796"><testcase classname="tests.backend_test.TestAuth" name="test_login_demo" time="0.565" /><testcase classname="tests.backend_test.TestAuth" name="test_login_invalid" time="0.466" /><testcase classname="tests.backend_test.TestSettings" name="test_get_settings" time="1.033" /><testcase classname="tests.backend_test.TestSettings" name="test_update_settings" time="0.293" /><testcase classname="tests.backend_test.TestAuth" name="test_me" time="0.416" /><testcase classname="tests.backend_test.TestSettings" name="test_invalid_rate" time="0.068" /><testcase classname="tests.backend_test.TestAuth" name="test_me_unauthed" time="0.238" /><testcase classname="tests.backend_test.TestDashboard" name="test_demo_dashboard" time="0.358" /><testcase classname="tests.backend_test.TestAuth" name="test_register_duplicate" time="0.066" /><testcase classname="tests.backend_test.TestDashboard" name="test_new_user_dashboard_empty" time="0.068" /><testcase classname="tests.backend_test.TestBotReturns" name="test_stats_seeded" time="0.228" /><testcase classname="tests.backend_test.TestBotReturns" name="test_crud" time="0.464" /><testcase classname="tests.backend_test.TestAuth" name="test_register_new" time="0.343" /><testcase classname="tests.backend_test.TestFunds" name="test_fund_lifecycle" time="0.709" /><testcase classname="tests.backend_test.TestIsolation" name="test_user_data_isolation" time="0.731" /><testcase classname="tests.backend_test.TestExpenses" name="test_expense_crud" time="0.740" /></testsuite></testsuites>