<?xml version="1.0" encoding="utf-8"?><testsuites name="pytest tests"><testsuite name="pytest" errors="0" failures="0" skipped="0" tests="11" time="6.583" timestamp="2026-09-15T20:38:51.758528+00:00" hostname="agent-env-6c0a895c-64bc-4d83-a422-ba3116e17796"><testcase classname="tests.backend_test.TestAuth" name="test_list_profiles" time="0.412" /><testcase classname="tests.backend_test.TestAuth" name="test_create_and_select_profile" time="0.794" /><testcase classname="tests.backend_test.TestBots" name="test_list_and_overview_not_shadowed" time="0.970" /><testcase classname="tests.backend_test.TestBots" name="test_bot_lifecycle_and_returns" time="2.885" /><testcase classname="tests.backend_test.TestAuth" name="test_me_requires_token" time="0.165" /><testcase classname="tests.backend_test.TestSavings" name="test_savings_flow" time="1.420" /><testcase classname="tests.backend_test.TestIncome" name="test_income_crud" time="0.763" /><testcase classname="tests.backend_test.TestExpenses" name="test_expenses_crud_and_category_validation" time="0.707" /><testcase classname="tests.backend_test.TestSettingsDashboard" name="test_settings_affects_dashboard" time="0.740" /><testcase classname="tests.backend_test.TestIsolation" name="test_new_profile_has_no_data" time="1.805" /><testcase classname="tests.backend_test.TestSettingsDashboard" name="test_invalid_rate" time="0.157" /></testsuite></testsuites>